<?xml version="1.0" encoding="UTF-8"?>
<testsuite xmlns:xsi="http://www.w3.org/2001/XMLSchema-instance" xsi:noNamespaceSchemaLocation="https://maven.apache.org/surefire/maven-surefire-plugin/xsd/surefire-test-report.xsd" version="3.0.2" name="com.sprietogo.accenturebackend.AccentureBackendApplicationTests" time="2.986" tests="1" errors="0" skipped="0" failures="0">
  <properties>
[...]
</properties>
  <testcase name="contextLoads" classname="com.sprietogo.accenturebackend.AccentureBackendApplicationTests" time="0.49">
    <system-out><![CDATA[17:24:07.695 [main] INFO org.springframework.test.context.support.AnnotationConfigContextLoaderUtils -- Could not detect default configuration classes for test class [com.sprietogo.accenturebackend.AccentureBackendApplicationTests]: AccentureBackendApplicationTests does not declare any static, non-private, non-final, nested classes annotated with @Configuration.
17:24:07.794 [main] INFO org.springframework.boot.test.context.SpringBootTestContextBootstrapper -- Found @SpringBootConfiguration com.sprietogo.accenturebackend.AccentureBackendApplication for test class com.sprietogo.accenturebackend.AccentureBackendApplicationTests

  .   ____          _            __ _ _
 /\\ / ___'_ __ _ _(_)_ __  __ _ \ \ \ \
( ( )\___ | '_ | '_| | '_ \/ _` | \ \ \ \
 \\/  ___)| |_)| | | | | || (_| |  ) ) ) )
  '  |____| .__|_| |_|_| |_\__, | / / / /
 =========|_|==============|___/=/_/_/_/

 :: Spring Boot ::                (v4.0.3)

2026-02-19T17:24:08.188-05:00  INFO 21084 --- [accenture-backend] [           main] c.s.a.AccentureBackendApplicationTests   : Starting AccentureBackendApplicationTests using Java 25.0.2 with PID 21084 (started by User in C:\Users\User\Documents\Projects\accenture-backend)
2026-02-19T17:24:08.189-05:00  INFO 21084 --- [accenture-backend] [           main] c.s.a.AccentureBackendApplicationTests   : No active profile set, falling back to 1 default profile: "default"
2026-02-19T17:24:08.670-05:00  INFO 21084 --- [accenture-backend] [           main] .s.d.r.c.RepositoryConfigurationDelegate : Multiple Spring Data modules found, entering strict repository configuration mode
2026-02-19T17:24:08.672-05:00  INFO 21084 --- [accenture-backend] [           main] .s.d.r.c.RepositoryConfigurationDelegate : Bootstrapping Spring Data R2DBC repositories in DEFAULT mode.
2026-02-19T17:24:08.789-05:00  INFO 21084 --- [accenture-backend] [           main] .s.d.r.c.RepositoryConfigurationDelegate : Finished Spring Data repository scanning in 112 ms. Found 4 R2DBC repository interfaces.
2026-02-19T17:24:08.817-05:00  INFO 21084 --- [accenture-backend] [           main] .s.d.r.c.RepositoryConfigurationDelegate : Multiple Spring Data modules found, entering strict repository configuration mode
2026-02-19T17:24:08.818-05:00  INFO 21084 --- [accenture-backend] [           main] .s.d.r.c.RepositoryConfigurationDelegate : Bootstrapping Spring Data Redis repositories in DEFAULT mode.
2026-02-19T17:24:08.833-05:00  INFO 21084 --- [accenture-backend] [           main] .RepositoryConfigurationExtensionSupport : Spring Data Redis - Could not safely identify store assignment for repository candidate interface com.sprietogo.accenturebackend.infrastructure.adapter.persistence.repository.r2dbc.BranchProductR2dbcRepository; If you want this repository to be a Redis repository, consider annotating your entities with one of these annotations: org.springframework.data.redis.core.RedisHash (preferred), or consider extending one of the following types with your repository: org.springframework.data.keyvalue.repository.KeyValueRepository
2026-02-19T17:24:08.834-05:00  INFO 21084 --- [accenture-backend] [           main] .RepositoryConfigurationExtensionSupport : Spring Data Redis - Could not safely identify store assignment for repository candidate interface com.sprietogo.accenturebackend.infrastructure.adapter.persistence.repository.r2dbc.BranchR2dbcRepository; If you want this repository to be a Redis repository, consider annotating your entities with one of these annotations: org.springframework.data.redis.core.RedisHash (preferred), or consider extending one of the following types with your repository: org.springframework.data.keyvalue.repository.KeyValueRepository
2026-02-19T17:24:08.834-05:00  INFO 21084 --- [accenture-backend] [           main] .RepositoryConfigurationExtensionSupport : Spring Data Redis - Could not safely identify store assignment for repository candidate interface com.sprietogo.accenturebackend.infrastructure.adapter.persistence.repository.r2dbc.FranchiseR2dbcRepository; If you want this repository to be a Redis repository, consider annotating your entities with one of these annotations: org.springframework.data.redis.core.RedisHash (preferred), or consider extending one of the following types with your repository: org.springframework.data.keyvalue.repository.KeyValueRepository
2026-02-19T17:24:08.834-05:00  INFO 21084 --- [accenture-backend] [           main] .RepositoryConfigurationExtensionSupport : Spring Data Redis - Could not safely identify store assignment for repository candidate interface com.sprietogo.accenturebackend.infrastructure.adapter.persistence.repository.r2dbc.ProductR2dbcRepository; If you want this repository to be a Redis repository, consider annotating your entities with one of these annotations: org.springframework.data.redis.core.RedisHash (preferred), or consider extending one of the following types with your repository: org.springframework.data.keyvalue.repository.KeyValueRepository
2026-02-19T17:24:08.834-05:00  INFO 21084 --- [accenture-backend] [           main] .s.d.r.c.RepositoryConfigurationDelegate : Finished Spring Data repository scanning in 9 ms. Found 0 Redis repository interfaces.
2026-02-19T17:24:10.025-05:00  INFO 21084 --- [accenture-backend] [           main] c.s.a.AccentureBackendApplicationTests   : Started AccentureBackendApplicationTests in 2.088 seconds (process running for 3.142)
]]></system-out>
    <system-err><![CDATA[Mockito is currently self-attaching to enable the inline-mock-maker. This will no longer work in future releases of the JDK. Please add Mockito as an agent to your build as described in Mockito's documentation: https://javadoc.io/doc/org.mockito/mockito-core/latest/org.mockito/org/mockito/Mockito.html#0.3
WARNING: A Java agent has been loaded dynamically (C:\Users\User\.m2\repository\net\bytebuddy\byte-buddy-agent\1.17.8\byte-buddy-agent-1.17.8.jar)
WARNING: If a serviceability tool is in use, please run with -XX:+EnableDynamicAgentLoading to hide this warning
WARNING: If a serviceability tool is not in use, please run with -Djdk.instrument.traceUsage for more information
WARNING: Dynamic loading of agents will be disallowed by default in a future release
]]></system-err>
  </testcase>
</testsuite>